<?xml version="1.0" encoding="UTF-8"?>
<!-- Generated by org.testng.reporters.JUnitReportReporter -->
<testsuite hostname="SATHEZ-PC" name="gymnago.Signup" tests="1" failures="0" timestamp="14 Aug 2020 14:32:40 GMT" time="400.278" errors="0">
  <testcase name="login" time="400.278" classname="gymnago.Signup"/>
</testsuite> <!-- gymnago.Signup -->
